This is TeX, Version 3.1415 (C version 6.1) (format=plain 95.9.4)  3 FEB 1997 11:58
**gcc.texi
(gcc.texi (texinfo.tex Loading texinfo package [Version 2.150]: Basics,
\bindingoffset=\dimen16
\normaloffset=\dimen17
\pagewidth=\dimen18
\pageheight=\dimen19
\cornerlong=\dimen20
\cornerthick=\dimen21
\topandbottommargin=\dimen22
\outerhsize=\dimen23
\outervsize=\dimen24
\margin=\insert252
\EMsimple=\toks14
\singlespaceskip=\skip18
\groupinvalidhelp=\toks15
\mil=\dimen25
\exdentamount=\skip19
 fonts,
\sffam=\fam8
\fontdepth=\count26

page headings,
\titlepagetopglue=\skip20
\titlepagebottomglue=\skip21
\evenheadline=\toks16
\oddheadline=\toks17
\evenfootline=\toks18
\oddfootline=\toks19
 tables,
\tableindent=\dimen26
\itemindent=\dimen27
\itemmargin=\dimen28
\itemmax=\dimen29
\itemno=\count27
\intableparskip=\dimen30
\intableparindent=\dimen31
\spacebetweencols=\dimen32
\spacebetweenlines=\dimen33
\colcount=\count28
 indexing,
\initialskipamount=\skip22
\secondaryindent=\skip23
\partialpage=\box16
\doublecolumnhsize=\dimen34
 sectioning,
\chapno=\count29
\secno=\count30
\subsecno=\count31
\subsubsecno=\count32
\appendixno=\count33
\contentsfile=\write0
\absseclevel=\count34
\secbase=\count35
\chapheadingskip=\skip24
\subsecheadingskip=\skip25
\secheadingskip=\skip26
 toc printing,
\contentsrightmargin=\skip27
\shortappendixwidth=\dimen35
\tocindent=\dimen36
 environments,
\dblarrowbox=\box17
\longdblarrowbox=\box18
\pushcharbox=\box19
\bullbox=\box20
\equivbox=\box21
\errorbox=\box22
\lispnarrowing=\skip28
\envskipamount=\skip29
\circthick=\dimen37
\cartouter=\dimen38
\cartinner=\dimen39
\normbskip=\skip30
\normpskip=\skip31
\normlskip=\skip32
\lskip=\skip33
\rskip=\skip34

defuns,
\defbodyindent=\skip35
\defargsindent=\skip36
\deftypemargin=\skip37
\deflastargmargin=\skip38
\parencount=\count36
 cross reference,
\auxfile=\write1
\footnoteno=\count37
 and turning on texinfo input format.
\defaultparindent=\dimen40
) (gcc.aux)
@cpindfile=@write2
@fnindfile=@write3
@vrindfile=@write4
@tpindfile=@write5
@kyindfile=@write6
@pgindfile=@write7

[1] [2] (GNU GENERAL PUBLIC LICENSE) [1] [2] [3] [4] [5] [6] [7]
(Contributors to GNU CC) [8] [9] Chapter1 [10] Chapter2 [11] [12] [13] [14]
Chapter3 [15] [16] (invoke.texi Chapter4 [17] [18] [19]
Overfull \hbox (53.86903pt too wide) in paragraph at lines 107--107
 []@texttt -fhandle-signatures[] -fmemoize-lookups[] [] -fno-default-inline[] -
fno-gnu-keywords[] |

@hbox(6.69167+2.43333)x469.75499
.@glue(@leftskip) 86.72375
.@hbox(0.0+0.0)x0.0
.@texttt -
.@texttt f
.@texttt h
.etc.

[20] [21] [22] [23] [24] [25] [26] [27] [28] [29] [30] [31]
! Undefined control sequence.
@XTemplate Instantiation-title ->Where@s 
                                         the Template?
@refx ...ain.}@fi @fi @else @csname X#1@endcsname 
                                                  @fi #2
@xrefX ...efx {#1-snt}{}}@space [@printednodename 
                                                  ],@space @turnoffactive @p...
l.861 Instantiation}
                    , for more information.
? 
! Undefined control sequence.
@XTemplate Instantiation-title ->Where@s 
                                         the Template?
@refx ...ain.}@fi @fi @else @csname X#1@endcsname 
                                                  @fi #2
@xrefX ...efx {#1-snt}{}}@space [@printednodename 
                                                  ],@space @turnoffactive @p...
l.866 @xref{Template Instantiation}
                                   , for more information.
? 
! Undefined control sequence.
@XTemplate Instantiation-title ->Where@s 
                                         the Template?
@refx ...ain.}@fi @fi @else @csname X#1@endcsname 
                                                  @fi #2
@xrefX ...efx {#1-snt}{}}@space [@printednodename 
                                                  ],@space @turnoffactive @p...
l.893 Instantiation}
                    , for more information.
? 
! Missing @endcsname inserted.
<to be read again> 
                   @fam 
@tt ->@fam 
           @ttfam @tentt 
+->{@tt 
        @char 43}
<argument> C+
             + Signatures-title
@refx #1#2->@expandafter @ifx @csname X#1
                                         @endcsname @relax $@langle $un@-de@...

@xrefX ...efx {#1-snt}{}}@space [@printednodename 
                                                  ],@space @turnoffactive @p...
l.899 Signatures}
                 .
? 
! Missing @endcsname inserted.
<to be read again> 
                   @fam 
@tt ->@fam 
           @ttfam @tentt 
+->{@tt 
        @char 43}
<argument> C+
             + Signatures-title
@refx ... run TeX again.}@fi @fi @else @csname X#1
                                                  @endcsname @fi #2
@xrefX ...efx {#1-snt}{}}@space [@printednodename 
                                                  ],@space @turnoffactive @p...
l.899 Signatures}
                 .
? 
! Extra }, or forgotten @endgroup.
<recently read> }
                 
<argument> C+
             + Signatures-title
@refx ... run TeX again.}@fi @fi @else @csname X#1
                                                  @endcsname @fi #2
@xrefX ...efx {#1-snt}{}}@space [@printednodename 
                                                  ],@space @turnoffactive @p...
l.899 Signatures}
                 .
? 
! Extra @endcsname.
@refx ...ain.}@fi @fi @else @csname X#1@endcsname 
                                                  @fi #2
@xrefX ...efx {#1-snt}{}}@space [@printednodename 
                                                  ],@space @turnoffactive @p...
l.899 Signatures}
                 .
? 
[32] [33] [34] [35] [36] [37] [38] [39] [40] [41] [42] [43] [44] [45] [46]
[47] [48] [49] [50] [51] [52] [53] [54] [55] [56] [57] [58] [59] [60] [61]
[62] [63] [64] [65] [66] [67] [68] [69] [70] [71] [72] [73] [74] [75] [76]
[77] [78] [79] [80] [81] [82] [83] [84] [85] [86] [87] [88] [89] [90])
(install.texi Chapter5 [91] [92] [93] [94] [95] [96] [97] [98] [99] [100]
[101] [102] [103] [104] [105] [106] [107] [108] [109] [110] [111] [112]
[113] [114] [115] [116] [117] [118] [119] [120] [121] [122] [123] [124]
[125]) (extend.texi Chapter6 [126] [127]
! Undefined control sequence.
@XNaming Types-title ->Naming an Expression@s 
                                              Type
@refx ...ain.}@fi @fi @else @csname X#1@endcsname 
                                                  @fi #2
@xrefX ...efx {#1-snt}{}}@space [@printednodename 
                                                  ],@space @turnoffactive @p...
l.175 Types}
            ).
? 
[128] [129] [130] [131] [132] [133] [134] [135] [136] [137] [138] [139]
[140] [141] [142] [143] [144] [145] [146] [147] [148] [149] [150] [151]
[152] [153] [154] [155] [156] [157] [158] [159] [160] [161] [162] [163]
[164] (md.texi [165] [166] [167] [168] [169] [170] [171] [172] [173]) [174]
[175] [176] [177] [178] [179] Chapter7 [180] [181] [182] [183] [184] [185]
[186] [187] [188]) Chapter8 [189] [190] [191] [192] [193] [194] [195] [196]
[197] [198] [199] [200] [201] [202] [203] [204] [205] [206] [207] [208]
[209] [210] [211] [212] [213] [214] Chapter9 [215] [216] [217] [218] [219]
[220] [221] [222] [223] [224] Chapter10 [225] [226] Chapter11 [227] [228]
[229] [230] [231] [232] [233] (Index) [234] (gcc.cps [235] [236] [237] [238]
[239] [240] [241] [242] [243] [244] [245] [246] [247] [248] [249] [250]
[251] [252] [253] [254] [255] [256]) [257] [258] (gcc.toc) [-1] [-2] (gcc.toc
[-3] [-4] [-5]) [-6] ) 
Here is how much of TeX's memory you used:
 1635 strings out of 12999
 22290 string characters out of 95693
 134815 words of memory out of 262141
 2521 multiletter control sequences out of 9500
 26829 words of font info for 91 fonts, out of 100000 for 255
 18 hyphenation exceptions out of 607
 17i,6n,10p,205b,602s stack positions out of 300i,40n,60p,3000b,4000s

Output written on gcc.dvi (266 pages, 1250392 bytes).
