This is TeX, Version 3.1415 (C version 6.1) (format=plain 95.9.4)  13 FEB 1997 09:15
**as.texinfo
(as.texinfo (/usr/lib/texmf/tex/texinfo.tex
Loading texinfo package [Version 2.151]: Basics,
\bindingoffset=\dimen16
\normaloffset=\dimen17
\pagewidth=\dimen18
\pageheight=\dimen19
\cornerlong=\dimen20
\cornerthick=\dimen21
\topandbottommargin=\dimen22
\outerhsize=\dimen23
\outervsize=\dimen24
\margin=\insert252
\EMsimple=\toks14
\singlespaceskip=\skip18
\groupinvalidhelp=\toks15
\mil=\dimen25
\exdentamount=\skip19
 fonts,
\sffam=\fam8
\fontdepth=\count26
 page headings,
\titlepagetopglue=\skip20
\titlepagebottomglue=\skip21
\evenheadline=\toks16
\oddheadline=\toks17
\evenfootline=\toks18
\oddfootline=\toks19
 tables,
\tableindent=\dimen26
\itemindent=\dimen27
\itemmargin=\dimen28
\itemmax=\dimen29
\itemno=\count27
\intableparskip=\dimen30
\intableparindent=\dimen31
\spacebetweencols=\dimen32
\spacebetweenlines=\dimen33
\colcount=\count28

indexing,
\initialskipamount=\skip22
\secondaryindent=\skip23
\partialpage=\box16
\doublecolumnhsize=\dimen34
 sectioning,
\chapno=\count29
\secno=\count30
\subsecno=\count31
\subsubsecno=\count32
\appendixno=\count33
\contentsfile=\write0
\absseclevel=\count34
\secbase=\count35
\chapheadingskip=\skip24
\subsecheadingskip=\skip25
\secheadingskip=\skip26
 toc printing,
\contentsrightmargin=\skip27
\shortappendixwidth=\dimen35
\tocindent=\dimen36
 environments,
\dblarrowbox=\box17
\longdblarrowbox=\box18
\pushcharbox=\box19
\bullbox=\box20
\equivbox=\box21
\errorbox=\box22
\lispnarrowing=\skip28
\envskipamount=\skip29
\circthick=\dimen37
\cartouter=\dimen38
\cartinner=\dimen39
\normbskip=\skip30
\normpskip=\skip31
\normlskip=\skip32
\lskip=\skip33
\rskip=\skip34
 defuns,
\defbodyindent=\skip35
\defargsindent=\skip36
\deftypemargin=\skip37
\deflastargmargin=\skip38
\parencount=\count36
 cross reference,
\auxfile=\write1
\footnoteno=\count37

and turning on texinfo input format.
\defaultparindent=\dimen40
)
@cpindfile=@write2
@fnindfile=@write3
@vrindfile=@write4
@tpindfile=@write5
@kyindfile=@write6
@pgindfile=@write7

! I can't find file `asconfig.texi'.
<to be read again> 
                   @endgroup 
l.17 @include asconfig.texi
                           
Please type another input file name: 
! Emergency stop.
<to be read again> 
                   @endgroup 
l.17 @include asconfig.texi
                           
End of file on the terminal!

No pages of output.
